<?xml version="1.0" encoding="UTF-8"?>
<!-- Generated by org.testng.reporters.JUnitXMLReporter -->
<testsuite ignored="0" hostname="Dhaneesh-MacBook-Pro.local" failures="0" tests="9" name="Test" time="0.022" errors="0" timestamp="2023-05-03T08:02:11 IST">
  <testcase classname="test.day3" name="APIloginCarLoan" time="0.002"/>
  <testcase classname="test.day3" name="MobileloginCarLoan" time="0.001"/>
  <testcase classname="test.day3" name="webloginCarLoan" time="0.0"/>
  <testcase classname="test.day2" name="test2method" time="0.001"/>
  <testcase classname="test.day4" name="APIloginPersonalLoan" time="0.0"/>
  <testcase classname="test.day4" name="MobileloginPersonalLoan" time="0.001"/>
  <testcase classname="test.day4" name="webloginPersonalLoan" time="0.0"/>
  <testcase classname="test.day1" name="Demo" time="0.0"/>
  <testcase classname="test.day1" name="secondTest" time="0.0"/>
</testsuite> <!-- Test -->
