<?xml version="1.0" encoding="UTF-8"?>
<!-- Generated by org.testng.reporters.JUnitXMLReporter -->
<testsuite ignored="0" hostname="Dhaneesh-MacBook-Pro.local" failures="0" tests="3" name="Home Loan" time="0.016" errors="0" timestamp="2023-05-04T16:36:07 IST">
  <testcase classname="test.day4" name="APIloginHomeLoan" time="0.002"/>
  <testcase classname="test.day4" name="MobileloginHomeLoan" time="0.002"/>
  <testcase classname="test.day4" name="webloginHomeLoan" time="0.001"/>
</testsuite> <!-- Home Loan -->
