<?xml version="1.0" encoding="UTF-8"?>
<!-- Generated by org.testng.reporters.JUnitXMLReporter -->
<testsuite ignored="1" hostname="Dhaneesh-MacBook-Pro.local" failures="0" tests="3" name="Personal Loan" time="0.015" errors="0" timestamp="2023-05-04T16:36:07 IST">
  <testcase classname="test.day2" name="test2method" time="0.002"/>
  <testcase classname="test.day1" name="Demo" time="0.003"/>
  <testcase classname="test.day1" name="Demo2" time="0.001"/>
  <testcase classname="test.day1" name="secondTest" time="0.0">
    <ignored/>
  </testcase> <!-- secondTest -->
</testsuite> <!-- Personal Loan -->
