<?xml version="1.0" encoding="UTF-8"?>
<!-- Generated by org.testng.reporters.JUnitXMLReporter -->
<testsuite ignored="4" hostname="Dhaneesh-MacBook-Pro.local" failures="0" tests="8" name="Regression Test" time="0.021" errors="0" timestamp="2023-05-03T13:29:31 IST">
  <testcase classname="test.day1" name="Demo" time="0.002"/>
  <testcase classname="test.day1" name="Demo2" time="0.001"/>
  <testcase classname="test.day3" name="MobileloginCarLoan" time="0.0"/>
  <testcase classname="test.day3" name="MobilelsigninCarLoan" time="0.001"/>
  <testcase classname="test.day3" name="MobilesignoutCarLoan" time="0.001"/>
  <testcase classname="test.day3" name="webloginCarLoan" time="0.001"/>
  <testcase classname="test.day4" name="MobileloginHomeLoan" time="0.001"/>
  <testcase classname="test.day4" name="webloginHomeLoan" time="0.001"/>
  <testcase classname="test.day2" name="test2method" time="0.0">
    <ignored/>
  </testcase> <!-- test2method -->
  <testcase classname="test.day3" name="APIloginCarLoan" time="0.0">
    <ignored/>
  </testcase> <!-- APIloginCarLoan -->
  <testcase classname="test.day4" name="APIloginHomeLoan" time="0.0">
    <ignored/>
  </testcase> <!-- APIloginHomeLoan -->
  <testcase classname="test.day1" name="secondTest" time="0.0">
    <ignored/>
  </testcase> <!-- secondTest -->
</testsuite> <!-- Regression Test -->
