<?xml version="1.0" encoding="UTF-8"?>
<testng-results ignored="2" total="14" passed="11" failed="1" skipped="0">
  <reporter-output>
  </reporter-output>
  <suite started-at="2023-05-04T16:36:07 IST" name="Loan Department" finished-at="2023-05-04T16:36:07 IST" duration-ms="21">
    <groups>
      <group name="Smoke">
        <method signature="day2.test2method(java.lang.String,java.lang.String)[pri:0, instance:test.day2@14a2f921]" name="test2method" class="test.day2"/>
        <method signature="day4.APIloginHomeLoan()[pri:0, instance:test.day4@2f112965]" name="APIloginHomeLoan" class="test.day4"/>
      </group> <!-- Smoke -->
    </groups>
    <test started-at="2023-05-04T16:36:07 IST" name="Home Loan" finished-at="2023-05-04T16:36:07 IST" duration-ms="16">
      <class name="test.day4">
        <test-method is-config="true" signature="bfSuite()[pri:0, instance:test.day4@2f112965]" started-at="2023-05-04T16:36:07 IST" name="bfSuite" finished-at="2023-05-04T16:36:07 IST" duration-ms="2" status="PASS">
          <reporter-output>
          </reporter-output>
        </test-method> <!-- bfSuite -->
        <test-method signature="APIloginHomeLoan()[pri:0, instance:test.day4@2f112965]" started-at="2023-05-04T16:36:07 IST" name="APIloginHomeLoan" finished-at="2023-05-04T16:36:07 IST" duration-ms="2" status="PASS">
          <reporter-output>
          </reporter-output>
        </test-method> <!-- APIloginHomeLoan -->
        <test-method signature="MobileloginHomeLoan()[pri:0, instance:test.day4@2f112965]" started-at="2023-05-04T16:36:07 IST" name="MobileloginHomeLoan" finished-at="2023-05-04T16:36:07 IST" duration-ms="2" status="PASS">
          <reporter-output>
          </reporter-output>
        </test-method> <!-- MobileloginHomeLoan -->
        <test-method signature="webloginHomeLoan()[pri:0, instance:test.day4@2f112965]" started-at="2023-05-04T16:36:07 IST" name="webloginHomeLoan" finished-at="2023-05-04T16:36:07 IST" duration-ms="1" status="PASS">
          <reporter-output>
          </reporter-output>
        </test-method> <!-- webloginHomeLoan -->
      </class> <!-- test.day4 -->
      <class name="test.day1">
        <test-method is-config="true" signature="afSuite()[pri:0, instance:test.day1@8909f18]" started-at="2023-05-04T16:36:07 IST" name="afSuite" finished-at="2023-05-04T16:36:07 IST" duration-ms="0" status="PASS">
          <reporter-output>
          </reporter-output>
        </test-method> <!-- afSuite -->
      </class> <!-- test.day1 -->
    </test> <!-- Home Loan -->
    <test started-at="2023-05-04T16:36:07 IST" name="Personal Loan" finished-at="2023-05-04T16:36:07 IST" duration-ms="15">
      <class name="test.day2">
        <test-method signature="test2method(java.lang.String,java.lang.String)[pri:0, instance:test.day2@14a2f921]" started-at="2023-05-04T16:36:07 IST" name="test2method" finished-at="2023-05-04T16:36:07 IST" duration-ms="2" status="PASS">
          <params>
            <param index="0">
              <value>
                <![CDATA[wwww.google.com]]>
              </value>
            </param>
            <param index="1">
              <value>
                <![CDATA[dhaneeshisgud]]>
              </value>
            </param>
          </params>
          <reporter-output>
          </reporter-output>
        </test-method> <!-- test2method -->
      </class> <!-- test.day2 -->
      <class name="test.day1">
        <test-method is-config="true" signature="preRequisite()[pri:0, instance:test.day1@8909f18]" started-at="2023-05-04T16:36:07 IST" name="preRequisite" finished-at="2023-05-04T16:36:07 IST" duration-ms="0" status="PASS">
          <reporter-output>
          </reporter-output>
        </test-method> <!-- preRequisite -->
        <test-method signature="Demo()[pri:0, instance:test.day1@8909f18]" started-at="2023-05-04T16:36:07 IST" name="Demo" finished-at="2023-05-04T16:36:07 IST" duration-ms="3" status="PASS">
          <reporter-output>
          </reporter-output>
        </test-method> <!-- Demo -->
        <test-method signature="Demo2(java.lang.String)[pri:0, instance:test.day1@8909f18]" started-at="2023-05-04T16:36:07 IST" name="Demo2" finished-at="2023-05-04T16:36:07 IST" duration-ms="1" status="PASS">
          <params>
            <param index="0">
              <value>
                <![CDATA[ploan.com]]>
              </value>
            </param>
          </params>
          <reporter-output>
          </reporter-output>
        </test-method> <!-- Demo2 -->
        <test-method is-config="true" signature="endData()[pri:0, instance:test.day1@8909f18]" started-at="2023-05-04T16:36:07 IST" name="endData" finished-at="2023-05-04T16:36:07 IST" duration-ms="0" status="PASS">
          <reporter-output>
          </reporter-output>
        </test-method> <!-- endData -->
      </class> <!-- test.day1 -->
    </test> <!-- Personal Loan -->
    <test started-at="2023-05-04T16:36:07 IST" name="Car Loan" finished-at="2023-05-04T16:36:07 IST" duration-ms="21">
      <class name="test.day3">
        <test-method is-config="true" signature="bfMethod()[pri:0, instance:test.day3@309e345f]" started-at="2023-05-04T16:36:07 IST" name="bfMethod" finished-at="2023-05-04T16:36:07 IST" duration-ms="0" status="PASS">
          <reporter-output>
          </reporter-output>
        </test-method> <!-- bfMethod -->
        <test-method signature="MobilelsigninCarLoan(java.lang.String)[pri:0, instance:test.day3@309e345f]" started-at="2023-05-04T16:36:07 IST" name="MobilelsigninCarLoan" finished-at="2023-05-04T16:36:07 IST" duration-ms="3" status="PASS">
          <params>
            <param index="0">
              <value>
                <![CDATA[carloan.com]]>
              </value>
            </param>
          </params>
          <reporter-output>
          </reporter-output>
        </test-method> <!-- MobilelsigninCarLoan -->
        <test-method is-config="true" signature="bfMethod()[pri:0, instance:test.day3@309e345f]" started-at="2023-05-04T16:36:07 IST" name="bfMethod" finished-at="2023-05-04T16:36:07 IST" duration-ms="0" status="PASS">
          <reporter-output>
          </reporter-output>
        </test-method> <!-- bfMethod -->
        <test-method is-config="true" signature="afMethod()[pri:0, instance:test.day3@309e345f]" started-at="2023-05-04T16:36:07 IST" name="afMethod" finished-at="2023-05-04T16:36:07 IST" duration-ms="0" status="PASS">
          <reporter-output>
          </reporter-output>
        </test-method> <!-- afMethod -->
        <test-method signature="MobilesignoutCarLoan()[pri:0, instance:test.day3@309e345f]" started-at="2023-05-04T16:36:07 IST" name="MobilesignoutCarLoan" finished-at="2023-05-04T16:36:07 IST" duration-ms="1" status="FAIL">
          <exception class="java.lang.AssertionError">
            <message>
              <![CDATA[expected [true] but found [false]]]>
            </message>
            <full-stacktrace>
              <![CDATA[java.lang.AssertionError: expected [true] but found [false]
at org.testng.Assert.fail(Assert.java:99)
at org.testng.Assert.failNotEquals(Assert.java:1037)
at org.testng.Assert.assertTrue(Assert.java:45)
at org.testng.Assert.assertTrue(Assert.java:55)
at test.day3.MobilesignoutCarLoan(day3.java:47)
at java.base/jdk.internal.reflect.NativeMethodAccessorImpl.invoke0(Native Method)
at java.base/jdk.internal.reflect.NativeMethodAccessorImpl.invoke(NativeMethodAccessorImpl.java:77)
at java.base/jdk.internal.reflect.DelegatingMethodAccessorImpl.invoke(DelegatingMethodAccessorImpl.java:43)
at java.base/java.lang.reflect.Method.invoke(Method.java:568)
at org.testng.internal.MethodInvocationHelper.invokeMethod(MethodInvocationHelper.java:133)
at org.testng.internal.TestInvoker.invokeMethod(TestInvoker.java:598)
at org.testng.internal.TestInvoker.invokeTestMethod(TestInvoker.java:173)
at org.testng.internal.MethodRunner.runInSequence(MethodRunner.java:46)
at org.testng.internal.TestInvoker$MethodInvocationAgent.invoke(TestInvoker.java:824)
at org.testng.internal.TestInvoker.invokeTestMethods(TestInvoker.java:146)
at org.testng.internal.TestMethodWorker.invokeTestMethods(TestMethodWorker.java:146)
at org.testng.internal.TestMethodWorker.run(TestMethodWorker.java:128)
at java.base/java.util.ArrayList.forEach(ArrayList.java:1511)
at org.testng.TestRunner.privateRun(TestRunner.java:794)
at org.testng.TestRunner.run(TestRunner.java:596)
at org.testng.SuiteRunner.runTest(SuiteRunner.java:377)
at org.testng.SuiteRunner.access$000(SuiteRunner.java:28)
at org.testng.SuiteRunner$SuiteWorker.run(SuiteRunner.java:418)
at org.testng.internal.thread.ThreadUtil.lambda$execute$0(ThreadUtil.java:64)
at java.base/java.util.concurrent.FutureTask.run(FutureTask.java:264)
at java.base/java.util.concurrent.ThreadPoolExecutor.runWorker(ThreadPoolExecutor.java:1136)
at java.base/java.util.concurrent.ThreadPoolExecutor$Worker.run(ThreadPoolExecutor.java:635)
at java.base/java.lang.Thread.run(Thread.java:833)
]]>
            </full-stacktrace>
          </exception> <!-- java.lang.AssertionError -->
          <reporter-output>
          </reporter-output>
        </test-method> <!-- MobilesignoutCarLoan -->
        <test-method is-config="true" signature="afMethod()[pri:0, instance:test.day3@309e345f]" started-at="2023-05-04T16:36:07 IST" name="afMethod" finished-at="2023-05-04T16:36:07 IST" duration-ms="0" status="PASS">
          <reporter-output>
          </reporter-output>
        </test-method> <!-- afMethod -->
        <test-method signature="webloginCarLoan(java.lang.String,java.lang.String)[pri:0, instance:test.day3@309e345f]" started-at="2023-05-04T16:36:07 IST" name="webloginCarLoan" data-provider="getData" finished-at="2023-05-04T16:36:07 IST" duration-ms="1" status="PASS">
          <params>
            <param index="0">
              <value>
                <![CDATA[1stusrname]]>
              </value>
            </param>
            <param index="1">
              <value>
                <![CDATA[1psswd]]>
              </value>
            </param>
          </params>
          <reporter-output>
          </reporter-output>
        </test-method> <!-- webloginCarLoan -->
        <test-method is-config="true" signature="bfMethod()[pri:0, instance:test.day3@309e345f]" started-at="2023-05-04T16:36:07 IST" name="bfMethod" finished-at="2023-05-04T16:36:07 IST" duration-ms="0" status="PASS">
          <reporter-output>
          </reporter-output>
        </test-method> <!-- bfMethod -->
        <test-method is-config="true" signature="afMethod()[pri:0, instance:test.day3@309e345f]" started-at="2023-05-04T16:36:07 IST" name="afMethod" finished-at="2023-05-04T16:36:07 IST" duration-ms="0" status="PASS">
          <reporter-output>
          </reporter-output>
        </test-method> <!-- afMethod -->
        <test-method signature="webloginCarLoan(java.lang.String,java.lang.String)[pri:0, instance:test.day3@309e345f]" started-at="2023-05-04T16:36:07 IST" name="webloginCarLoan" data-provider="getData" finished-at="2023-05-04T16:36:07 IST" duration-ms="1" status="PASS">
          <params>
            <param index="0">
              <value>
                <![CDATA[2usernam]]>
              </value>
            </param>
            <param index="1">
              <value>
                <![CDATA[2ndpsswd]]>
              </value>
            </param>
          </params>
          <reporter-output>
          </reporter-output>
        </test-method> <!-- webloginCarLoan -->
        <test-method is-config="true" signature="bfMethod()[pri:0, instance:test.day3@309e345f]" started-at="2023-05-04T16:36:07 IST" name="bfMethod" finished-at="2023-05-04T16:36:07 IST" duration-ms="0" status="PASS">
          <reporter-output>
          </reporter-output>
        </test-method> <!-- bfMethod -->
        <test-method is-config="true" signature="bfMethod()[pri:0, instance:test.day3@309e345f]" started-at="2023-05-04T16:36:07 IST" name="bfMethod" finished-at="2023-05-04T16:36:07 IST" duration-ms="0" status="PASS">
          <reporter-output>
          </reporter-output>
        </test-method> <!-- bfMethod -->
        <test-method signature="webloginCarLoan(java.lang.String,java.lang.String)[pri:0, instance:test.day3@309e345f]" started-at="2023-05-04T16:36:07 IST" name="webloginCarLoan" data-provider="getData" finished-at="2023-05-04T16:36:07 IST" duration-ms="0" status="PASS">
          <params>
            <param index="0">
              <value>
                <![CDATA[3username]]>
              </value>
            </param>
            <param index="1">
              <value>
                <![CDATA[3psswd]]>
              </value>
            </param>
          </params>
          <reporter-output>
          </reporter-output>
        </test-method> <!-- webloginCarLoan -->
        <test-method is-config="true" signature="afMethod()[pri:0, instance:test.day3@309e345f]" started-at="2023-05-04T16:36:07 IST" name="afMethod" finished-at="2023-05-04T16:36:07 IST" duration-ms="0" status="PASS">
          <reporter-output>
          </reporter-output>
        </test-method> <!-- afMethod -->
        <test-method is-config="true" signature="bfMethod()[pri:0, instance:test.day3@309e345f]" started-at="2023-05-04T16:36:07 IST" name="bfMethod" finished-at="2023-05-04T16:36:07 IST" duration-ms="1" status="PASS">
          <reporter-output>
          </reporter-output>
        </test-method> <!-- bfMethod -->
        <test-method is-config="true" signature="afMethod()[pri:0, instance:test.day3@309e345f]" started-at="2023-05-04T16:36:07 IST" name="afMethod" finished-at="2023-05-04T16:36:07 IST" duration-ms="0" status="PASS">
          <reporter-output>
          </reporter-output>
        </test-method> <!-- afMethod -->
        <test-method is-config="true" signature="afMethod()[pri:0, instance:test.day3@309e345f]" started-at="2023-05-04T16:36:07 IST" name="afMethod" finished-at="2023-05-04T16:36:07 IST" duration-ms="0" status="PASS">
          <reporter-output>
          </reporter-output>
        </test-method> <!-- afMethod -->
        <test-method signature="MobileloginCarLoan()[pri:0, instance:test.day3@309e345f]" started-at="2023-05-04T16:36:07 IST" name="MobileloginCarLoan" finished-at="2023-05-04T16:36:07 IST" depends-on-methods="test.day3.MobilelsigninCarLoan, test.day3.webloginCarLoan" duration-ms="0" status="PASS">
          <reporter-output>
          </reporter-output>
        </test-method> <!-- MobileloginCarLoan -->
      </class> <!-- test.day3 -->
    </test> <!-- Car Loan -->
  </suite> <!-- Loan Department -->
</testng-results>
